<?xml version="1.0" encoding="UTF-8"?>
<!-- Generated by org.testng.reporters.JUnitXMLReporter -->
<testsuite ignored="2" hostname="DESKTOP-90SH742" failures="0" tests="2" name="Car Loan" time="0.014" errors="0" timestamp="2023-07-20T21:40:43 IST">
  <testcase classname="testngtutorial.Day3" name="loginAPIHomeLoan" time="0.002"/>
  <testcase classname="testngtutorial.Day3" name="webloginHomeLoan" time="0.002"/>
  <testcase classname="testngtutorial.Day3" name="mobileLoginHomeLoan" time="0.0">
    <ignored/>
  </testcase> <!-- mobileLoginHomeLoan -->
  <testcase classname="testngtutorial.Day3" name="mobileLoginHomeLoanOffer" time="0.0">
    <ignored/>
  </testcase> <!-- mobileLoginHomeLoanOffer -->
</testsuite> <!-- Car Loan -->
