<?xml version="1.0" encoding="UTF-8"?>
<!-- Generated by org.testng.reporters.JUnitXMLReporter -->
<testsuite ignored="0" hostname="DESKTOP-90SH742" failures="0" tests="3" name="Personal loan" time="0.136" errors="0" timestamp="2023-07-20T21:40:43 IST">
  <testcase classname="testngtutorial.Day1" name="Demo" time="0.009"/>
  <testcase classname="testngtutorial.Day1" name="secondTest" time="0.01"/>
  <testcase classname="testngtutorial.Day2" name="ploan" time="0.003"/>
</testsuite> <!-- Personal loan -->
